{"E:\\CountryApp-Class\\countryapp\\src\\components\\CountryInfo.tsx": {"path":"E:\\CountryApp-Class\\countryapp\\src\\components\\CountryInfo.tsx","statementMap":{"0":{"start":{"line":2,"column":0},"end":{"line":2,"column":34}},"1":{"start":{"line":3,"column":0},"end":{"line":3,"column":40}},"2":{"start":{"line":4,"column":0},"end":{"line":4,"column":39}},"3":{"start":{"line":5,"column":0},"end":{"line":5,"column":38}},"4":{"start":{"line":23,"column":4},"end":{"line":23,"column":17}},"5":{"start":{"line":38,"column":2},"end":{"line":55,"column":null}},"6":{"start":{"line":39,"column":20},"end":{"line":39,"column":54}},"7":{"start":{"line":40,"column":4},"end":{"line":54,"column":5}},"8":{"start":{"line":41,"column":23},"end":{"line":42,"column":null}},"9":{"start":{"line":44,"column":19},"end":{"line":44,"column":40}},"10":{"start":{"line":46,"column":6},"end":{"line":49,"column":9}},"11":{"start":{"line":51,"column":6},"end":{"line":51,"column":35}},"12":{"start":{"line":53,"column":6},"end":{"line":53,"column":58}},"13":{"start":{"line":24,"column":4},"end":{"line":26,"column":5}},"14":{"start":{"line":25,"column":6},"end":{"line":25,"column":34}},"15":{"start":{"line":27,"column":4},"end":{"line":35,"column":6}},"16":{"start":{"line":36,"column":4},"end":{"line":36,"column":37}},"17":{"start":{"line":66,"column":8},"end":{"line":66,"column":18}},"18":{"start":{"line":68,"column":4},"end":{"line":112,"column":6}},"19":{"start":{"line":116,"column":0},"end":{"line":116,"column":39}}},"fnMap":{"0":{"name":"(anonymous_0)","decl":{"start":{"line":22,"column":2},"end":{"line":22,"column":14}},"loc":{"start":{"line":22,"column":37},"end":{"line":37,"column":3}}},"1":{"name":"(anonymous_1)","decl":{"start":{"line":38,"column":25},"end":{"line":38,"column":30}},"loc":{"start":{"line":38,"column":36},"end":{"line":55,"column":3}}},"2":{"name":"(anonymous_2)","decl":{"start":{"line":57,"column":2},"end":{"line":57,"column":8}},"loc":{"start":{"line":57,"column":8},"end":{"line":113,"column":3}}}},"branchMap":{"0":{"loc":{"start":{"line":24,"column":4},"end":{"line":26,"column":5}},"type":"if","locations":[{"start":{"line":24,"column":4},"end":{"line":26,"column":5}}]},"1":{"loc":{"start":{"line":79,"column":9},"end":{"line":109,"column":null}},"type":"cond-expr","locations":[{"start":{"line":80,"column":10},"end":{"line":106,"column":null}},{"start":{"line":109,"column":10},"end":{"line":109,"column":27}}]},"2":{"loc":{"start":{"line":86,"column":13},"end":{"line":90,"column":null}},"type":"binary-expr","locations":[{"start":{"line":86,"column":13},"end":{"line":86,"column":30}},{"start":{"line":86,"column":34},"end":{"line":86,"column":48}},{"start":{"line":87,"column":14},"end":{"line":89,"column":null}}]}},"s":{"0":1,"1":1,"2":1,"3":1,"4":1,"5":1,"6":1,"7":1,"8":1,"9":0,"10":0,"11":0,"12":1,"13":1,"14":0,"15":1,"16":1,"17":1,"18":1,"19":1},"f":{"0":1,"1":1,"2":1},"b":{"0":[0],"1":[1,0],"2":[1,0,0]}}
,"E:\\CountryApp-Class\\countryapp\\src\\components\\Home.tsx": {"path":"E:\\CountryApp-Class\\countryapp\\src\\components\\Home.tsx","statementMap":{"0":{"start":{"line":1,"column":0},"end":{"line":1,"column":41}},"1":{"start":{"line":2,"column":0},"end":{"line":2,"column":50}},"2":{"start":{"line":3,"column":0},"end":{"line":3,"column":38}},"3":{"start":{"line":21,"column":2},"end":{"line":31,"column":null}},"4":{"start":{"line":33,"column":2},"end":{"line":38,"column":null}},"5":{"start":{"line":34,"column":23},"end":{"line":34,"column":41}},"6":{"start":{"line":35,"column":4},"end":{"line":37,"column":5}},"7":{"start":{"line":36,"column":6},"end":{"line":36,"column":50}},"8":{"start":{"line":40,"column":2},"end":{"line":64,"column":null}},"9":{"start":{"line":41,"column":29},"end":{"line":41,"column":39}},"10":{"start":{"line":42,"column":4},"end":{"line":63,"column":5}},"11":{"start":{"line":43,"column":6},"end":{"line":43,"column":55}},"12":{"start":{"line":45,"column":6},"end":{"line":62,"column":7}},"13":{"start":{"line":46,"column":25},"end":{"line":47,"column":null}},"14":{"start":{"line":49,"column":21},"end":{"line":49,"column":42}},"15":{"start":{"line":50,"column":8},"end":{"line":50,"column":26}},"16":{"start":{"line":51,"column":8},"end":{"line":59,"column":11}},"17":{"start":{"line":61,"column":8},"end":{"line":61,"column":60}},"18":{"start":{"line":67,"column":29},"end":{"line":67,"column":39}},"19":{"start":{"line":69,"column":4},"end":{"line":96,"column":6}},"20":{"start":{"line":100,"column":0},"end":{"line":100,"column":32}}},"fnMap":{"0":{"name":"(anonymous_0)","decl":{"start":{"line":20,"column":0},"end":{"line":20,"column":6}},"loc":{"start":{"line":20,"column":0},"end":{"line":98,"column":1}}},"1":{"name":"(anonymous_1)","decl":{"start":{"line":33,"column":22},"end":{"line":33,"column":23}},"loc":{"start":{"line":33,"column":69},"end":{"line":38,"column":3}}},"2":{"name":"(anonymous_2)","decl":{"start":{"line":40,"column":17},"end":{"line":40,"column":22}},"loc":{"start":{"line":40,"column":28},"end":{"line":64,"column":3}}},"3":{"name":"(anonymous_3)","decl":{"start":{"line":66,"column":2},"end":{"line":66,"column":8}},"loc":{"start":{"line":66,"column":8},"end":{"line":97,"column":3}}}},"branchMap":{"0":{"loc":{"start":{"line":35,"column":4},"end":{"line":37,"column":5}},"type":"if","locations":[{"start":{"line":35,"column":4},"end":{"line":37,"column":5}}]},"1":{"loc":{"start":{"line":42,"column":4},"end":{"line":63,"column":5}},"type":"if","locations":[{"start":{"line":42,"column":4},"end":{"line":63,"column":5}}]}},"s":{"0":1,"1":1,"2":1,"3":2,"4":2,"5":1,"6":1,"7":1,"8":2,"9":1,"10":1,"11":1,"12":1,"13":1,"14":0,"15":0,"16":0,"17":1,"18":3,"19":3,"20":1},"f":{"0":2,"1":1,"2":1,"3":3},"b":{"0":[1],"1":[1]}}
,"E:\\CountryApp-Class\\countryapp\\src\\components\\withRouter.tsx": {"path":"E:\\CountryApp-Class\\countryapp\\src\\components\\withRouter.tsx","statementMap":{"0":{"start":{"line":1,"column":0},"end":{"line":1,"column":60}},"1":{"start":{"line":3,"column":19},"end":{"line":10,"column":1}},"2":{"start":{"line":4,"column":21},"end":{"line":8,"column":3}},"3":{"start":{"line":5,"column":21},"end":{"line":5,"column":34}},"4":{"start":{"line":6,"column":21},"end":{"line":6,"column":34}},"5":{"start":{"line":7,"column":4},"end":{"line":7,"column":76}},"6":{"start":{"line":9,"column":2},"end":{"line":9,"column":20}},"7":{"start":{"line":11,"column":0},"end":{"line":11,"column":26}}},"fnMap":{"0":{"name":"(anonymous_0)","decl":{"start":{"line":3,"column":19},"end":{"line":3,"column":20}},"loc":{"start":{"line":3,"column":59},"end":{"line":10,"column":1}}},"1":{"name":"(anonymous_1)","decl":{"start":{"line":4,"column":21},"end":{"line":4,"column":22}},"loc":{"start":{"line":4,"column":36},"end":{"line":8,"column":3}}}},"branchMap":{},"s":{"0":1,"1":1,"2":1,"3":2,"4":2,"5":2,"6":1,"7":1},"f":{"0":1,"1":2},"b":{}}
}
