TN:
SF:src\components\CountryInfo.tsx
FN:22,(anonymous_0)
FN:38,(anonymous_1)
FN:57,(anonymous_2)
FNF:3
FNH:3
FNDA:1,(anonymous_0)
FNDA:1,(anonymous_1)
FNDA:1,(anonymous_2)
DA:2,1
DA:3,1
DA:4,1
DA:5,1
DA:23,1
DA:24,1
DA:25,0
DA:27,1
DA:36,1
DA:38,1
DA:39,1
DA:40,1
DA:41,1
DA:44,0
DA:46,0
DA:51,0
DA:53,1
DA:66,1
DA:68,1
DA:116,1
LF:20
LH:16
BRDA:24,0,0,0
BRDA:79,1,0,1
BRDA:79,1,1,0
BRDA:86,2,0,1
BRDA:86,2,1,0
BRDA:86,2,2,0
BRF:6
BRH:2
end_of_record
TN:
SF:src\components\Home.tsx
FN:20,(anonymous_0)
FN:33,(anonymous_1)
FN:40,(anonymous_2)
FN:66,(anonymous_3)
FNF:4
FNH:4
FNDA:2,(anonymous_0)
FNDA:1,(anonymous_1)
FNDA:1,(anonymous_2)
FNDA:3,(anonymous_3)
DA:1,1
DA:2,1
DA:3,1
DA:21,2
DA:33,2
DA:34,1
DA:35,1
DA:36,1
DA:40,2
DA:41,1
DA:42,1
DA:43,1
DA:45,1
DA:46,1
DA:49,0
DA:50,0
DA:51,0
DA:61,1
DA:67,3
DA:69,3
DA:100,1
LF:21
LH:18
BRDA:35,0,0,1
BRDA:42,1,0,1
BRF:2
BRH:2
end_of_record
TN:
SF:src\components\withRouter.tsx
FN:3,(anonymous_0)
FN:4,(anonymous_1)
FNF:2
FNH:2
FNDA:1,(anonymous_0)
FNDA:2,(anonymous_1)
DA:1,1
DA:3,1
DA:4,1
DA:5,2
DA:6,2
DA:7,2
DA:9,1
DA:11,1
LF:8
LH:8
BRF:0
BRH:0
end_of_record
